# JRE version: OpenJDK Runtime Environment Temurin-17.0.4.1+1 (17.0.4.1+1) (build 17.0.4.1+1)
# Java VM: OpenJDK 64-Bit Server VM Temurin-17.0.4.1+1 (17.0.4.1+1, mixed mode, tiered, compressed oops, compressed class ptrs, parallel gc, windows-amd64)
GC Precious Log:
 CPUs: 16 total, 16 available
 Memory: 15789M
 Large Page Support: Disabled
 NUMA Support: Disabled
 Compressed Oops: Enabled (32-bit)
 Alignments: Space 512K, Generation 512K, Heap 2M
 Heap Min Capacity: 100M
 Heap Initial Capacity: 100M
 Heap Max Capacity: 1G
 Pre-touch: Disabled
 Parallel Workers: 13
Heap:
 PSYoungGen      total 23552K, used 14166K [0x00000000eab00000, 0x00000000ec780000, 0x0000000100000000)
  eden space 22016K, 57% used [0x00000000eab00000,0x00000000eb759288,0x00000000ec080000)
  from space 1536K, 99% used [0x00000000ec400000,0x00000000ec57c6d8,0x00000000ec580000)
  to   space 2048K, 0% used [0x00000000ec580000,0x00000000ec580000,0x00000000ec780000)
 ParOldGen       total 68608K, used 19031K [0x00000000c0000000, 0x00000000c4300000, 0x00000000eab00000)
  object space 68608K, 27% used [0x00000000c0000000,0x00000000c1295f78,0x00000000c4300000)
 Metaspace       used 50583K, committed 51392K, reserved 1097728K
  class space    used 5487K, committed 5824K, reserved 1048576K
GC Heap History (20 events):
Event: 14.476 GC heap before
{Heap before GC invocations=10 (full 1):
 PSYoungGen      total 26624K, used 26283K [0x00000000eab00000, 0x00000000eca80000, 0x0000000100000000)
  eden space 24064K, 100% used [0x00000000eab00000,0x00000000ec280000,0x00000000ec280000)
  from space 2560K, 86% used [0x00000000ec800000,0x00000000eca2af80,0x00000000eca80000)
  to   space 2560K, 0% used [0x00000000ec580000,0x00000000ec580000,0x00000000ec800000)
 ParOldGen       total 68608K, used 10329K [0x00000000c0000000, 0x00000000c4300000, 0x00000000eab00000)
  object space 68608K, 15% used [0x00000000c0000000,0x00000000c0a16570,0x00000000c4300000)
 Metaspace       used 34846K, committed 35520K, reserved 1081344K
  class space    used 3491K, committed 3776K, reserved 1048576K
}
Event: 14.479 GC heap after
{Heap after GC invocations=10 (full 1):
 PSYoungGen      total 26112K, used 2227K [0x00000000eab00000, 0x00000000ec880000, 0x0000000100000000)
  eden space 23552K, 0% used [0x00000000eab00000,0x00000000eab00000,0x00000000ec200000)
  from space 2560K, 87% used [0x00000000ec580000,0x00000000ec7acf30,0x00000000ec800000)
  to   space 512K, 0% used [0x00000000ec800000,0x00000000ec800000,0x00000000ec880000)
 ParOldGen       total 68608K, used 11677K [0x00000000c0000000, 0x00000000c4300000, 0x00000000eab00000)
  object space 68608K, 17% used [0x00000000c0000000,0x00000000c0b675a8,0x00000000c4300000)
 Metaspace       used 34846K, committed 35520K, reserved 1081344K
  class space    used 3491K, committed 3776K, reserved 1048576K
}
Event: 14.549 GC heap before
{Heap before GC invocations=11 (full 1):
 PSYoungGen      total 26112K, used 5648K [0x00000000eab00000, 0x00000000ec880000, 0x0000000100000000)
  eden space 23552K, 14% used [0x00000000eab00000,0x00000000eae571b8,0x00000000ec200000)
  from space 2560K, 87% used [0x00000000ec580000,0x00000000ec7acf30,0x00000000ec800000)
  to   space 512K, 0% used [0x00000000ec800000,0x00000000ec800000,0x00000000ec880000)
 ParOldGen       total 68608K, used 11677K [0x00000000c0000000, 0x00000000c4300000, 0x00000000eab00000)
  object space 68608K, 17% used [0x00000000c0000000,0x00000000c0b675a8,0x00000000c4300000)
 Metaspace       used 35231K, committed 35840K, reserved 1081344K
  class space    used 3547K, committed 3840K, reserved 1048576K
}
Event: 14.553 GC heap after
{Heap after GC invocations=11 (full 1):
 PSYoungGen      total 24064K, used 492K [0x00000000eab00000, 0x00000000ec880000, 0x0000000100000000)
  eden space 23552K, 0% used [0x00000000eab00000,0x00000000eab00000,0x00000000ec200000)
  from space 512K, 96% used [0x00000000ec800000,0x00000000ec87b2b8,0x00000000ec880000)
  to   space 2560K, 0% used [0x00000000ec380000,0x00000000ec380000,0x00000000ec600000)
 ParOldGen       total 68608K, used 13390K [0x00000000c0000000, 0x00000000c4300000, 0x00000000eab00000)
  object space 68608K, 19% used [0x00000000c0000000,0x00000000c0d13908,0x00000000c4300000)
 Metaspace       used 35231K, committed 35840K, reserved 1081344K
  class space    used 3547K, committed 3840K, reserved 1048576K
}
Event: 14.553 GC heap before
{Heap before GC invocations=12 (full 2):
 PSYoungGen      total 24064K, used 492K [0x00000000eab00000, 0x00000000ec880000, 0x0000000100000000)
  eden space 23552K, 0% used [0x00000000eab00000,0x00000000eab00000,0x00000000ec200000)
  from space 512K, 96% used [0x00000000ec800000,0x00000000ec87b2b8,0x00000000ec880000)
  to   space 2560K, 0% used [0x00000000ec380000,0x00000000ec380000,0x00000000ec600000)
 ParOldGen       total 68608K, used 13390K [0x00000000c0000000, 0x00000000c4300000, 0x00000000eab00000)
  object space 68608K, 19% used [0x00000000c0000000,0x00000000c0d13908,0x00000000c4300000)
 Metaspace       used 35231K, committed 35840K, reserved 1081344K
  class space    used 3547K, committed 3840K, reserved 1048576K
}
Event: 14.582 GC heap after
{Heap after GC invocations=12 (full 2):
 PSYoungGen      total 24064K, used 0K [0x00000000eab00000, 0x00000000ec880000, 0x0000000100000000)
  eden space 23552K, 0% used [0x00000000eab00000,0x00000000eab00000,0x00000000ec200000)
  from space 512K, 0% used [0x00000000ec800000,0x00000000ec800000,0x00000000ec880000)
  to   space 2560K, 0% used [0x00000000ec380000,0x00000000ec380000,0x00000000ec600000)
 ParOldGen       total 68608K, used 12817K [0x00000000c0000000, 0x00000000c4300000, 0x00000000eab00000)
  object space 68608K, 18% used [0x00000000c0000000,0x00000000c0c84608,0x00000000c4300000)
 Metaspace       used 35231K, committed 35840K, reserved 1081344K
  class space    used 3547K, committed 3840K, reserved 1048576K
}
Event: 14.996 GC heap before
{Heap before GC invocations=13 (full 2):
 PSYoungGen      total 24064K, used 23552K [0x00000000eab00000, 0x00000000ec880000, 0x0000000100000000)
  eden space 23552K, 100% used [0x00000000eab00000,0x00000000ec200000,0x00000000ec200000)
  from space 512K, 0% used [0x00000000ec800000,0x00000000ec800000,0x00000000ec880000)
  to   space 2560K, 0% used [0x00000000ec380000,0x00000000ec380000,0x00000000ec600000)
 ParOldGen       total 68608K, used 12817K [0x00000000c0000000, 0x00000000c4300000, 0x00000000eab00000)
  object space 68608K, 18% used [0x00000000c0000000,0x00000000c0c84608,0x00000000c4300000)
 Metaspace       used 37683K, committed 38464K, reserved 1089536K
  class space    used 3868K, committed 4224K, reserved 1048576K
}
Event: 14.997 GC heap after
{Heap after GC invocations=13 (full 2):
 PSYoungGen      total 25600K, used 1089K [0x00000000eab00000, 0x00000000ec880000, 0x0000000100000000)
  eden space 23040K, 0% used [0x00000000eab00000,0x00000000eab00000,0x00000000ec180000)
  from space 2560K, 42% used [0x00000000ec380000,0x00000000ec490710,0x00000000ec600000)
  to   space 1536K, 0% used [0x00000000ec700000,0x00000000ec700000,0x00000000ec880000)
 ParOldGen       total 68608K, used 12825K [0x00000000c0000000, 0x00000000c4300000, 0x00000000eab00000)
  object space 68608K, 18% used [0x00000000c0000000,0x00000000c0c86608,0x00000000c4300000)
 Metaspace       used 37683K, committed 38464K, reserved 1089536K
  class space    used 3868K, committed 4224K, reserved 1048576K
}
Event: 15.275 GC heap before
{Heap before GC invocations=14 (full 2):
 PSYoungGen      total 25600K, used 24129K [0x00000000eab00000, 0x00000000ec880000, 0x0000000100000000)
  eden space 23040K, 100% used [0x00000000eab00000,0x00000000ec180000,0x00000000ec180000)
  from space 2560K, 42% used [0x00000000ec380000,0x00000000ec490710,0x00000000ec600000)
  to   space 1536K, 0% used [0x00000000ec700000,0x00000000ec700000,0x00000000ec880000)
 ParOldGen       total 68608K, used 12825K [0x00000000c0000000, 0x00000000c4300000, 0x00000000eab00000)
  object space 68608K, 18% used [0x00000000c0000000,0x00000000c0c86608,0x00000000c4300000)
 Metaspace       used 40560K, committed 41216K, reserved 1089536K
  class space    used 4253K, committed 4544K, reserved 1048576K
}
Event: 15.277 GC heap after
{Heap after GC invocations=14 (full 2):
 PSYoungGen      total 23552K, used 1012K [0x00000000eab00000, 0x00000000ec800000, 0x0000000100000000)
  eden space 22528K, 0% used [0x00000000eab00000,0x00000000eab00000,0x00000000ec100000)
  from space 1024K, 98% used [0x00000000ec700000,0x00000000ec7fd088,0x00000000ec800000)
  to   space 1536K, 0% used [0x00000000ec500000,0x00000000ec500000,0x00000000ec680000)
 ParOldGen       total 68608K, used 13666K [0x00000000c0000000, 0x00000000c4300000, 0x00000000eab00000)
  object space 68608K, 19% used [0x00000000c0000000,0x00000000c0d58be8,0x00000000c4300000)
 Metaspace       used 40560K, committed 41216K, reserved 1089536K
  class space    used 4253K, committed 4544K, reserved 1048576K
}
Event: 15.924 GC heap before
{Heap before GC invocations=15 (full 2):
 PSYoungGen      total 23552K, used 23540K [0x00000000eab00000, 0x00000000ec800000, 0x0000000100000000)
  eden space 22528K, 100% used [0x00000000eab00000,0x00000000ec100000,0x00000000ec100000)
  from space 1024K, 98% used [0x00000000ec700000,0x00000000ec7fd088,0x00000000ec800000)
  to   space 1536K, 0% used [0x00000000ec500000,0x00000000ec500000,0x00000000ec680000)
 ParOldGen       total 68608K, used 13666K [0x00000000c0000000, 0x00000000c4300000, 0x00000000eab00000)
  object space 68608K, 19% used [0x00000000c0000000,0x00000000c0d58be8,0x00000000c4300000)
 Metaspace       used 43217K, committed 43968K, reserved 1089536K
  class space    used 4592K, committed 4928K, reserved 1048576K
}
Event: 15.926 GC heap after
{Heap after GC invocations=15 (full 2):
 PSYoungGen      total 23552K, used 1521K [0x00000000eab00000, 0x00000000ec780000, 0x0000000100000000)
  eden space 22016K, 0% used [0x00000000eab00000,0x00000000eab00000,0x00000000ec080000)
  from space 1536K, 99% used [0x00000000ec500000,0x00000000ec67c490,0x00000000ec680000)
  to   space 1024K, 0% used [0x00000000ec680000,0x00000000ec680000,0x00000000ec780000)
 ParOldGen       total 68608K, used 14656K [0x00000000c0000000, 0x00000000c4300000, 0x00000000eab00000)
  object space 68608K, 21% used [0x00000000c0000000,0x00000000c0e50320,0x00000000c4300000)
 Metaspace       used 43217K, committed 43968K, reserved 1089536K
  class space    used 4592K, committed 4928K, reserved 1048576K
}
Event: 16.902 GC heap before
{Heap before GC invocations=16 (full 2):
 PSYoungGen      total 23552K, used 23537K [0x00000000eab00000, 0x00000000ec780000, 0x0000000100000000)
  eden space 22016K, 100% used [0x00000000eab00000,0x00000000ec080000,0x00000000ec080000)
  from space 1536K, 99% used [0x00000000ec500000,0x00000000ec67c490,0x00000000ec680000)
  to   space 1024K, 0% used [0x00000000ec680000,0x00000000ec680000,0x00000000ec780000)
 ParOldGen       total 68608K, used 14656K [0x00000000c0000000, 0x00000000c4300000, 0x00000000eab00000)
  object space 68608K, 21% used [0x00000000c0000000,0x00000000c0e50320,0x00000000c4300000)
 Metaspace       used 44644K, committed 45440K, reserved 1089536K
  class space    used 4742K, committed 5120K, reserved 1048576K
}
Event: 16.903 GC heap after
{Heap after GC invocations=16 (full 2):
 PSYoungGen      total 23040K, used 995K [0x00000000eab00000, 0x00000000ec780000, 0x0000000100000000)
  eden space 22016K, 0% used [0x00000000eab00000,0x00000000eab00000,0x00000000ec080000)
  from space 1024K, 97% used [0x00000000ec680000,0x00000000ec778f80,0x00000000ec780000)
  to   space 3072K, 0% used [0x00000000ec180000,0x00000000ec180000,0x00000000ec480000)
 ParOldGen       total 68608K, used 16452K [0x00000000c0000000, 0x00000000c4300000, 0x00000000eab00000)
  object space 68608K, 23% used [0x00000000c0000000,0x00000000c10111d0,0x00000000c4300000)
 Metaspace       used 44644K, committed 45440K, reserved 1089536K
  class space    used 4742K, committed 5120K, reserved 1048576K
}
Event: 16.984 GC heap before
{Heap before GC invocations=17 (full 2):
 PSYoungGen      total 23040K, used 23011K [0x00000000eab00000, 0x00000000ec780000, 0x0000000100000000)
  eden space 22016K, 100% used [0x00000000eab00000,0x00000000ec080000,0x00000000ec080000)
  from space 1024K, 97% used [0x00000000ec680000,0x00000000ec778f80,0x00000000ec780000)
  to   space 3072K, 0% used [0x00000000ec180000,0x00000000ec180000,0x00000000ec480000)
 ParOldGen       total 68608K, used 16452K [0x00000000c0000000, 0x00000000c4300000, 0x00000000eab00000)
  object space 68608K, 23% used [0x00000000c0000000,0x00000000c10111d0,0x00000000c4300000)
 Metaspace       used 44699K, committed 45440K, reserved 1089536K
  class space    used 4742K, committed 5120K, reserved 1048576K
}
Event: 16.986 GC heap after
{Heap after GC invocations=17 (full 2):
 PSYoungGen      total 25088K, used 672K [0x00000000eab00000, 0x00000000ec700000, 0x0000000100000000)
  eden space 22016K, 0% used [0x00000000eab00000,0x00000000eab00000,0x00000000ec080000)
  from space 3072K, 21% used [0x00000000ec180000,0x00000000ec228000,0x00000000ec480000)
  to   space 1536K, 0% used [0x00000000ec580000,0x00000000ec580000,0x00000000ec700000)
 ParOldGen       total 68608K, used 17389K [0x00000000c0000000, 0x00000000c4300000, 0x00000000eab00000)
  object space 68608K, 25% used [0x00000000c0000000,0x00000000c10fb7c0,0x00000000c4300000)
 Metaspace       used 44699K, committed 45440K, reserved 1089536K
  class space    used 4742K, committed 5120K, reserved 1048576K
}
Event: 17.444 GC heap before
{Heap before GC invocations=18 (full 2):
 PSYoungGen      total 25088K, used 22688K [0x00000000eab00000, 0x00000000ec700000, 0x0000000100000000)
  eden space 22016K, 100% used [0x00000000eab00000,0x00000000ec080000,0x00000000ec080000)
  from space 3072K, 21% used [0x00000000ec180000,0x00000000ec228000,0x00000000ec480000)
  to   space 1536K, 0% used [0x00000000ec580000,0x00000000ec580000,0x00000000ec700000)
 ParOldGen       total 68608K, used 17389K [0x00000000c0000000, 0x00000000c4300000, 0x00000000eab00000)
  object space 68608K, 25% used [0x00000000c0000000,0x00000000c10fb7c0,0x00000000c4300000)
 Metaspace       used 45326K, committed 46144K, reserved 1097728K
  class space    used 4831K, committed 5184K, reserved 1048576K
}
Event: 17.445 GC heap after
{Heap after GC invocations=18 (full 2):
 PSYoungGen      total 23552K, used 1363K [0x00000000eab00000, 0x00000000ec700000, 0x0000000100000000)
  eden space 22016K, 0% used [0x00000000eab00000,0x00000000eab00000,0x00000000ec080000)
  from space 1536K, 88% used [0x00000000ec580000,0x00000000ec6d4c30,0x00000000ec700000)
  to   space 1536K, 0% used [0x00000000ec400000,0x00000000ec400000,0x00000000ec580000)
 ParOldGen       total 68608K, used 17547K [0x00000000c0000000, 0x00000000c4300000, 0x00000000eab00000)
  object space 68608K, 25% used [0x00000000c0000000,0x00000000c1122c88,0x00000000c4300000)
 Metaspace       used 45326K, committed 46144K, reserved 1097728K
  class space    used 4831K, committed 5184K, reserved 1048576K
}
Event: 17.855 GC heap before
{Heap before GC invocations=19 (full 2):
 PSYoungGen      total 23552K, used 23379K [0x00000000eab00000, 0x00000000ec700000, 0x0000000100000000)
  eden space 22016K, 100% used [0x00000000eab00000,0x00000000ec080000,0x00000000ec080000)
  from space 1536K, 88% used [0x00000000ec580000,0x00000000ec6d4c30,0x00000000ec700000)
  to   space 1536K, 0% used [0x00000000ec400000,0x00000000ec400000,0x00000000ec580000)
 ParOldGen       total 68608K, used 17547K [0x00000000c0000000, 0x00000000c4300000, 0x00000000eab00000)
  object space 68608K, 25% used [0x00000000c0000000,0x00000000c1122c88,0x00000000c4300000)
 Metaspace       used 48887K, committed 49600K, reserved 1097728K
  class space    used 5265K, committed 5568K, reserved 1048576K
}
Event: 17.857 GC heap after
{Heap after GC invocations=19 (full 2):
 PSYoungGen      total 23552K, used 1521K [0x00000000eab00000, 0x00000000ec780000, 0x0000000100000000)
  eden space 22016K, 0% used [0x00000000eab00000,0x00000000eab00000,0x00000000ec080000)
  from space 1536K, 99% used [0x00000000ec400000,0x00000000ec57c6d8,0x00000000ec580000)
  to   space 2048K, 0% used [0x00000000ec580000,0x00000000ec580000,0x00000000ec780000)
 ParOldGen       total 68608K, used 19031K [0x00000000c0000000, 0x00000000c4300000, 0x00000000eab00000)
  object space 68608K, 27% used [0x00000000c0000000,0x00000000c1295f78,0x00000000c4300000)
 Metaspace       used 48887K, committed 49600K, reserved 1097728K
  class space    used 5265K, committed 5568K, reserved 1048576K
}

